#! /c/Source/iverilog-install/bin/vvp
:ivl_version "12.0 (devel)" "(s20150603-1110-g18392a46)";
:ivl_delay_selection "TYPICAL";
:vpi_time_precision - 11;
:vpi_module "C:\iverilog\lib\ivl\system.vpi";
:vpi_module "C:\iverilog\lib\ivl\vhdl_sys.vpi";
:vpi_module "C:\iverilog\lib\ivl\vhdl_textio.vpi";
:vpi_module "C:\iverilog\lib\ivl\v2005_math.vpi";
:vpi_module "C:\iverilog\lib\ivl\va_math.vpi";
S_0000022d0f55a6a0 .scope module, "tb" "tb" 2 4;
 .timescale -9 -11;
v0000022d0f55b190_0 .var "clk", 0 0;
v0000022d0f55aa10_0 .var "reset", 0 0;
v0000022d0f55ad30_0 .var "x", 0 0;
v0000022d0f55a8d0_0 .net "y", 0 0, v0000022d0f55b690_0;  1 drivers
S_0000022d0f55c4b0 .scope module, "xxx" "moore_hw" 2 9, 3 1 0, S_0000022d0f55a6a0;
 .timescale -9 -11;
    .port_info 0 /INPUT 1 "clk";
    .port_info 1 /INPUT 1 "reset";
    .port_info 2 /INPUT 1 "x";
    .port_info 3 /OUTPUT 1 "y";
P_0000022d0f51acc0 .param/l "S0" 0 3 8, C4<00>;
P_0000022d0f51acf8 .param/l "S1" 0 3 9, C4<01>;
P_0000022d0f51ad30 .param/l "S2" 0 3 10, C4<10>;
P_0000022d0f51ad68 .param/l "S3" 0 3 11, C4<11>;
v0000022d0f55abf0_0 .net "clk", 0 0, v0000022d0f55b190_0;  1 drivers
v0000022d0f55ab50_0 .var "current_state", 2 0;
v0000022d0f55ac90_0 .var "next_state", 2 0;
v0000022d0f55b370_0 .net "reset", 0 0, v0000022d0f55aa10_0;  1 drivers
v0000022d0f55aab0_0 .net "x", 0 0, v0000022d0f55ad30_0;  1 drivers
v0000022d0f55b690_0 .var "y", 0 0;
E_0000022d0f559660 .event anyedge, v0000022d0f55ab50_0;
E_0000022d0f559920 .event posedge, v0000022d0f55abf0_0;
E_0000022d0f5599a0 .event anyedge, v0000022d0f55ab50_0, v0000022d0f55aab0_0;
    .scope S_0000022d0f55c4b0;
T_0 ;
    %wait E_0000022d0f5599a0;
    %load/vec4 v0000022d0f55ab50_0;
    %dup/vec4;
    %pushi/vec4 0, 0, 3;
    %cmp/u;
    %jmp/1 T_0.0, 6;
    %dup/vec4;
    %pushi/vec4 1, 0, 3;
    %cmp/u;
    %jmp/1 T_0.1, 6;
    %dup/vec4;
    %pushi/vec4 2, 0, 3;
    %cmp/u;
    %jmp/1 T_0.2, 6;
    %dup/vec4;
    %pushi/vec4 3, 0, 3;
    %cmp/u;
    %jmp/1 T_0.3, 6;
    %dup/vec4;
    %pushi/vec4 4, 0, 3;
    %cmp/u;
    %jmp/1 T_0.4, 6;
    %dup/vec4;
    %pushi/vec4 5, 0, 3;
    %cmp/u;
    %jmp/1 T_0.5, 6;
    %pushi/vec4 0, 0, 3;
    %store/vec4 v0000022d0f55ac90_0, 0, 3;
    %jmp T_0.7;
T_0.0 ;
    %load/vec4 v0000022d0f55aab0_0;
    %flag_set/vec4 8;
    %jmp/0xz  T_0.8, 8;
    %pushi/vec4 1, 0, 3;
    %store/vec4 v0000022d0f55ac90_0, 0, 3;
    %jmp T_0.9;
T_0.8 ;
    %pushi/vec4 0, 0, 3;
    %store/vec4 v0000022d0f55ac90_0, 0, 3;
T_0.9 ;
    %jmp T_0.7;
T_0.1 ;
    %load/vec4 v0000022d0f55aab0_0;
    %flag_set/vec4 8;
    %jmp/0xz  T_0.10, 8;
    %pushi/vec4 1, 0, 3;
    %store/vec4 v0000022d0f55ac90_0, 0, 3;
    %jmp T_0.11;
T_0.10 ;
    %pushi/vec4 2, 0, 3;
    %store/vec4 v0000022d0f55ac90_0, 0, 3;
T_0.11 ;
    %jmp T_0.7;
T_0.2 ;
    %load/vec4 v0000022d0f55aab0_0;
    %inv;
    %flag_set/vec4 8;
    %jmp/0xz  T_0.12, 8;
    %pushi/vec4 3, 0, 3;
    %store/vec4 v0000022d0f55ac90_0, 0, 3;
    %jmp T_0.13;
T_0.12 ;
    %pushi/vec4 1, 0, 3;
    %store/vec4 v0000022d0f55ac90_0, 0, 3;
T_0.13 ;
    %jmp T_0.7;
T_0.3 ;
    %load/vec4 v0000022d0f55aab0_0;
    %flag_set/vec4 8;
    %jmp/0xz  T_0.14, 8;
    %pushi/vec4 4, 0, 3;
    %store/vec4 v0000022d0f55ac90_0, 0, 3;
    %jmp T_0.15;
T_0.14 ;
    %pushi/vec4 0, 0, 3;
    %store/vec4 v0000022d0f55ac90_0, 0, 3;
T_0.15 ;
    %jmp T_0.7;
T_0.4 ;
    %load/vec4 v0000022d0f55aab0_0;
    %flag_set/vec4 8;
    %jmp/0xz  T_0.16, 8;
    %pushi/vec4 1, 0, 3;
    %store/vec4 v0000022d0f55ac90_0, 0, 3;
    %jmp T_0.17;
T_0.16 ;
    %pushi/vec4 5, 0, 3;
    %store/vec4 v0000022d0f55ac90_0, 0, 3;
T_0.17 ;
    %jmp T_0.7;
T_0.5 ;
    %load/vec4 v0000022d0f55aab0_0;
    %flag_set/vec4 8;
    %jmp/0xz  T_0.18, 8;
    %pushi/vec4 1, 0, 3;
    %store/vec4 v0000022d0f55ac90_0, 0, 3;
    %jmp T_0.19;
T_0.18 ;
    %pushi/vec4 3, 0, 3;
    %store/vec4 v0000022d0f55ac90_0, 0, 3;
T_0.19 ;
    %jmp T_0.7;
T_0.7 ;
    %pop/vec4 1;
    %jmp T_0;
    .thread T_0, $push;
    .scope S_0000022d0f55c4b0;
T_1 ;
    %wait E_0000022d0f559920;
    %load/vec4 v0000022d0f55b370_0;
    %flag_set/vec4 8;
    %jmp/0xz  T_1.0, 8;
    %pushi/vec4 0, 0, 3;
    %assign/vec4 v0000022d0f55ab50_0, 0;
    %jmp T_1.1;
T_1.0 ;
    %load/vec4 v0000022d0f55ac90_0;
    %assign/vec4 v0000022d0f55ab50_0, 0;
T_1.1 ;
    %jmp T_1;
    .thread T_1;
    .scope S_0000022d0f55c4b0;
T_2 ;
    %wait E_0000022d0f559660;
    %load/vec4 v0000022d0f55ab50_0;
    %dup/vec4;
    %pushi/vec4 0, 0, 3;
    %cmp/u;
    %jmp/1 T_2.0, 6;
    %dup/vec4;
    %pushi/vec4 1, 0, 3;
    %cmp/u;
    %jmp/1 T_2.1, 6;
    %dup/vec4;
    %pushi/vec4 2, 0, 3;
    %cmp/u;
    %jmp/1 T_2.2, 6;
    %dup/vec4;
    %pushi/vec4 3, 0, 3;
    %cmp/u;
    %jmp/1 T_2.3, 6;
    %dup/vec4;
    %pushi/vec4 4, 0, 3;
    %cmp/u;
    %jmp/1 T_2.4, 6;
    %dup/vec4;
    %pushi/vec4 5, 0, 3;
    %cmp/u;
    %jmp/1 T_2.5, 6;
    %pushi/vec4 0, 0, 1;
    %store/vec4 v0000022d0f55b690_0, 0, 1;
    %jmp T_2.7;
T_2.0 ;
    %pushi/vec4 0, 0, 1;
    %store/vec4 v0000022d0f55b690_0, 0, 1;
    %jmp T_2.7;
T_2.1 ;
    %pushi/vec4 0, 0, 1;
    %store/vec4 v0000022d0f55b690_0, 0, 1;
    %jmp T_2.7;
T_2.2 ;
    %pushi/vec4 0, 0, 1;
    %store/vec4 v0000022d0f55b690_0, 0, 1;
    %jmp T_2.7;
T_2.3 ;
    %pushi/vec4 0, 0, 1;
    %store/vec4 v0000022d0f55b690_0, 0, 1;
    %jmp T_2.7;
T_2.4 ;
    %pushi/vec4 0, 0, 1;
    %store/vec4 v0000022d0f55b690_0, 0, 1;
    %jmp T_2.7;
T_2.5 ;
    %pushi/vec4 1, 0, 1;
    %store/vec4 v0000022d0f55b690_0, 0, 1;
    %jmp T_2.7;
T_2.7 ;
    %pop/vec4 1;
    %jmp T_2;
    .thread T_2, $push;
    .scope S_0000022d0f55a6a0;
T_3 ;
    %vpi_call 2 12 "$dumpfile", "hw.fsdb" {0 0 0};
    %vpi_call 2 13 "$dumpvars" {0 0 0};
    %end;
    .thread T_3;
    .scope S_0000022d0f55a6a0;
T_4 ;
    %pushi/vec4 1, 0, 1;
    %assign/vec4 v0000022d0f55b190_0, 0;
    %pushi/vec4 0, 0, 1;
    %assign/vec4 v0000022d0f55aa10_0, 0;
    %pushi/vec4 0, 0, 1;
    %assign/vec4 v0000022d0f55ad30_0, 0;
    %end;
    .thread T_4;
    .scope S_0000022d0f55a6a0;
T_5 ;
    %delay 1000, 0;
    %load/vec4 v0000022d0f55b190_0;
    %inv;
    %store/vec4 v0000022d0f55b190_0, 0, 1;
    %jmp T_5;
    .thread T_5;
    .scope S_0000022d0f55a6a0;
T_6 ;
    %delay 500, 0;
    %pushi/vec4 1, 0, 1;
    %assign/vec4 v0000022d0f55aa10_0, 0;
    %delay 2000, 0;
    %pushi/vec4 0, 0, 1;
    %assign/vec4 v0000022d0f55aa10_0, 0;
    %end;
    .thread T_6;
    .scope S_0000022d0f55a6a0;
T_7 ;
    %pushi/vec4 3, 0, 32;
T_7.0 %dup/vec4;
    %pushi/vec4 0, 0, 32;
    %cmp/s;
    %jmp/1xz T_7.1, 5;
    %jmp/1 T_7.1, 4;
    %pushi/vec4 1, 0, 32;
    %sub;
    %wait E_0000022d0f559920;
    %jmp T_7.0;
T_7.1 ;
    %pop/vec4 1;
    %pushi/vec4 0, 0, 1;
    %assign/vec4 v0000022d0f55ad30_0, 0;
    %pushi/vec4 2, 0, 32;
T_7.2 %dup/vec4;
    %pushi/vec4 0, 0, 32;
    %cmp/s;
    %jmp/1xz T_7.3, 5;
    %jmp/1 T_7.3, 4;
    %pushi/vec4 1, 0, 32;
    %sub;
    %wait E_0000022d0f559920;
    %jmp T_7.2;
T_7.3 ;
    %pop/vec4 1;
    %pushi/vec4 1, 0, 1;
    %assign/vec4 v0000022d0f55ad30_0, 0;
    %wait E_0000022d0f559920;
    %pushi/vec4 0, 0, 1;
    %assign/vec4 v0000022d0f55ad30_0, 0;
    %pushi/vec4 2, 0, 32;
T_7.4 %dup/vec4;
    %pushi/vec4 0, 0, 32;
    %cmp/s;
    %jmp/1xz T_7.5, 5;
    %jmp/1 T_7.5, 4;
    %pushi/vec4 1, 0, 32;
    %sub;
    %wait E_0000022d0f559920;
    %jmp T_7.4;
T_7.5 ;
    %pop/vec4 1;
    %pushi/vec4 1, 0, 1;
    %assign/vec4 v0000022d0f55ad30_0, 0;
    %wait E_0000022d0f559920;
    %pushi/vec4 0, 0, 1;
    %assign/vec4 v0000022d0f55ad30_0, 0;
    %pushi/vec4 2, 0, 32;
T_7.6 %dup/vec4;
    %pushi/vec4 0, 0, 32;
    %cmp/s;
    %jmp/1xz T_7.7, 5;
    %jmp/1 T_7.7, 4;
    %pushi/vec4 1, 0, 32;
    %sub;
    %wait E_0000022d0f559920;
    %jmp T_7.6;
T_7.7 ;
    %pop/vec4 1;
    %pushi/vec4 1, 0, 1;
    %assign/vec4 v0000022d0f55ad30_0, 0;
    %wait E_0000022d0f559920;
    %pushi/vec4 0, 0, 1;
    %assign/vec4 v0000022d0f55ad30_0, 0;
    %pushi/vec4 3, 0, 32;
T_7.8 %dup/vec4;
    %pushi/vec4 0, 0, 32;
    %cmp/s;
    %jmp/1xz T_7.9, 5;
    %jmp/1 T_7.9, 4;
    %pushi/vec4 1, 0, 32;
    %sub;
    %wait E_0000022d0f559920;
    %jmp T_7.8;
T_7.9 ;
    %pop/vec4 1;
    %pushi/vec4 1, 0, 1;
    %assign/vec4 v0000022d0f55ad30_0, 0;
    %pushi/vec4 2, 0, 32;
T_7.10 %dup/vec4;
    %pushi/vec4 0, 0, 32;
    %cmp/s;
    %jmp/1xz T_7.11, 5;
    %jmp/1 T_7.11, 4;
    %pushi/vec4 1, 0, 32;
    %sub;
    %wait E_0000022d0f559920;
    %jmp T_7.10;
T_7.11 ;
    %pop/vec4 1;
    %pushi/vec4 0, 0, 1;
    %assign/vec4 v0000022d0f55ad30_0, 0;
    %pushi/vec4 3, 0, 32;
T_7.12 %dup/vec4;
    %pushi/vec4 0, 0, 32;
    %cmp/s;
    %jmp/1xz T_7.13, 5;
    %jmp/1 T_7.13, 4;
    %pushi/vec4 1, 0, 32;
    %sub;
    %wait E_0000022d0f559920;
    %jmp T_7.12;
T_7.13 ;
    %pop/vec4 1;
    %pushi/vec4 1, 0, 1;
    %assign/vec4 v0000022d0f55ad30_0, 0;
    %pushi/vec4 2, 0, 32;
T_7.14 %dup/vec4;
    %pushi/vec4 0, 0, 32;
    %cmp/s;
    %jmp/1xz T_7.15, 5;
    %jmp/1 T_7.15, 4;
    %pushi/vec4 1, 0, 32;
    %sub;
    %wait E_0000022d0f559920;
    %jmp T_7.14;
T_7.15 ;
    %pop/vec4 1;
    %pushi/vec4 0, 0, 1;
    %assign/vec4 v0000022d0f55ad30_0, 0;
    %wait E_0000022d0f559920;
    %pushi/vec4 1, 0, 1;
    %assign/vec4 v0000022d0f55ad30_0, 0;
    %wait E_0000022d0f559920;
    %pushi/vec4 0, 0, 1;
    %assign/vec4 v0000022d0f55ad30_0, 0;
    %pushi/vec4 2, 0, 32;
T_7.16 %dup/vec4;
    %pushi/vec4 0, 0, 32;
    %cmp/s;
    %jmp/1xz T_7.17, 5;
    %jmp/1 T_7.17, 4;
    %pushi/vec4 1, 0, 32;
    %sub;
    %wait E_0000022d0f559920;
    %jmp T_7.16;
T_7.17 ;
    %pop/vec4 1;
    %pushi/vec4 1, 0, 1;
    %assign/vec4 v0000022d0f55ad30_0, 0;
    %wait E_0000022d0f559920;
    %pushi/vec4 0, 0, 1;
    %assign/vec4 v0000022d0f55ad30_0, 0;
    %wait E_0000022d0f559920;
    %pushi/vec4 1, 0, 1;
    %assign/vec4 v0000022d0f55ad30_0, 0;
    %delay 20000, 0;
    %vpi_call 2 63 "$finish" {0 0 0};
    %end;
    .thread T_7;
# The file index is used to find the file name in the following table.
:file_names 4;
    "N/A";
    "<interactive>";
    "testbench.v";
    "./moore_hw.v";
