#! /c/Source/iverilog-install/bin/vvp
:ivl_version "12.0 (devel)" "(s20150603-1110-g18392a46)";
:ivl_delay_selection "TYPICAL";
:vpi_time_precision - 12;
:vpi_module "C:\iverilog\lib\ivl\system.vpi";
:vpi_module "C:\iverilog\lib\ivl\vhdl_sys.vpi";
:vpi_module "C:\iverilog\lib\ivl\vhdl_textio.vpi";
:vpi_module "C:\iverilog\lib\ivl\v2005_math.vpi";
:vpi_module "C:\iverilog\lib\ivl\va_math.vpi";
S_000001aa4cbbadb0 .scope module, "hw2" "hw2" 2 2;
 .timescale -9 -12;
v000001aa4cc23910_0 .var "a", 3 0;
v000001aa4cc23690_0 .var "b", 3 0;
v000001aa4cc23730_0 .var "c", 3 0;
v000001aa4cc23870_0 .var "clk", 0 0;
v000001aa4cc23c30_0 .var "correct_ov", 0 0;
v000001aa4cc23cd0_0 .var "correct_sum", 4 0;
v000001aa4cc23d70_0 .var "d", 3 0;
L_000001aa4cc24138 .functor BUFT 1, C4<0>, C4<0>, C4<0>, C4<0>;
v000001aa4cc23230_0 .net "ov", 0 0, L_000001aa4cc24138;  1 drivers
v000001aa4cc232d0_0 .var "rst", 0 0;
v000001aa4cc23f50_0 .net "sum", 4 0, L_000001aa4cc6d150;  1 drivers
v000001aa4cc237d0_0 .var "test_num", 15 0;
E_000001aa4cbcbc10/0 .event negedge, v000001aa4cc232d0_0;
E_000001aa4cbcbc10/1 .event posedge, v000001aa4cc23870_0;
E_000001aa4cbcbc10 .event/or E_000001aa4cbcbc10/0, E_000001aa4cbcbc10/1;
S_000001aa4cbbaf40 .scope module, "DUT" "add4" 2 18, 3 1 0, S_000001aa4cbbadb0;
 .timescale -9 -12;
    .port_info 0 /INPUT 4 "a";
    .port_info 1 /INPUT 4 "b";
    .port_info 2 /INPUT 4 "c";
    .port_info 3 /INPUT 4 "d";
    .port_info 4 /OUTPUT 5 "sum";
    .port_info 5 /OUTPUT 1 "ov";
v000001aa4cbbb8e0_0 .net *"_ivl_0", 4 0, L_000001aa4cc23eb0;  1 drivers
v000001aa4cbbb0d0_0 .net *"_ivl_10", 4 0, L_000001aa4cc23a50;  1 drivers
L_000001aa4cc240a8 .functor BUFT 1, C4<0>, C4<0>, C4<0>, C4<0>;
v000001aa4cbcd7b0_0 .net *"_ivl_13", 0 0, L_000001aa4cc240a8;  1 drivers
v000001aa4cbcd850_0 .net *"_ivl_14", 4 0, L_000001aa4cc23af0;  1 drivers
v000001aa4cbcd8f0_0 .net *"_ivl_16", 4 0, L_000001aa4cc23050;  1 drivers
L_000001aa4cc240f0 .functor BUFT 1, C4<0>, C4<0>, C4<0>, C4<0>;
v000001aa4cbcd990_0 .net *"_ivl_19", 0 0, L_000001aa4cc240f0;  1 drivers
L_000001aa4cc24018 .functor BUFT 1, C4<0>, C4<0>, C4<0>, C4<0>;
v000001aa4cbcda30_0 .net *"_ivl_3", 0 0, L_000001aa4cc24018;  1 drivers
v000001aa4cbcdad0_0 .net *"_ivl_4", 4 0, L_000001aa4cc239b0;  1 drivers
L_000001aa4cc24060 .functor BUFT 1, C4<0>, C4<0>, C4<0>, C4<0>;
v000001aa4cc23b90_0 .net *"_ivl_7", 0 0, L_000001aa4cc24060;  1 drivers
v000001aa4cc23370_0 .net *"_ivl_8", 4 0, L_000001aa4cc234b0;  1 drivers
v000001aa4cc230f0_0 .net "a", 3 0, v000001aa4cc23910_0;  1 drivers
v000001aa4cc23410_0 .net "b", 3 0, v000001aa4cc23690_0;  1 drivers
v000001aa4cc23e10_0 .net "c", 3 0, v000001aa4cc23730_0;  1 drivers
v000001aa4cc23550_0 .net "d", 3 0, v000001aa4cc23d70_0;  1 drivers
v000001aa4cc23190_0 .net "ov", 0 0, L_000001aa4cc24138;  alias, 1 drivers
v000001aa4cc235f0_0 .net "sum", 4 0, L_000001aa4cc6d150;  alias, 1 drivers
L_000001aa4cc23eb0 .concat [ 4 1 0 0], v000001aa4cc23910_0, L_000001aa4cc24018;
L_000001aa4cc239b0 .concat [ 4 1 0 0], v000001aa4cc23690_0, L_000001aa4cc24060;
L_000001aa4cc234b0 .arith/sum 5, L_000001aa4cc23eb0, L_000001aa4cc239b0;
L_000001aa4cc23a50 .concat [ 4 1 0 0], v000001aa4cc23730_0, L_000001aa4cc240a8;
L_000001aa4cc23af0 .arith/sum 5, L_000001aa4cc234b0, L_000001aa4cc23a50;
L_000001aa4cc23050 .concat [ 4 1 0 0], v000001aa4cc23d70_0, L_000001aa4cc240f0;
L_000001aa4cc6d150 .arith/sum 5, L_000001aa4cc23af0, L_000001aa4cc23050;
    .scope S_000001aa4cbbadb0;
T_0 ;
    %delay 5000, 0;
    %load/vec4 v000001aa4cc23870_0;
    %inv;
    %store/vec4 v000001aa4cc23870_0, 0, 1;
    %jmp T_0;
    .thread T_0;
    .scope S_000001aa4cbbadb0;
T_1 ;
    %delay 5000, 0;
    %load/vec4 v000001aa4cc232d0_0;
    %inv;
    %store/vec4 v000001aa4cc232d0_0, 0, 1;
    %jmp T_1;
    .thread T_1;
    .scope S_000001aa4cbbadb0;
T_2 ;
    %pushi/vec4 0, 0, 1;
    %assign/vec4 v000001aa4cc23870_0, 0;
    %pushi/vec4 0, 0, 1;
    %assign/vec4 v000001aa4cc232d0_0, 0;
    %pushi/vec4 0, 0, 4;
    %assign/vec4 v000001aa4cc23910_0, 0;
    %pushi/vec4 0, 0, 4;
    %assign/vec4 v000001aa4cc23690_0, 0;
    %pushi/vec4 0, 0, 4;
    %assign/vec4 v000001aa4cc23730_0, 0;
    %pushi/vec4 0, 0, 4;
    %assign/vec4 v000001aa4cc23d70_0, 0;
    %pushi/vec4 0, 0, 16;
    %assign/vec4 v000001aa4cc237d0_0, 0;
    %vpi_call 2 29 "$dumpfile", "add4.vcd" {0 0 0};
    %vpi_call 2 30 "$dumpvars" {0 0 0};
    %end;
    .thread T_2;
    .scope S_000001aa4cbbadb0;
T_3 ;
    %wait E_000001aa4cbcbc10;
    %load/vec4 v000001aa4cc232d0_0;
    %flag_set/vec4 8;
    %jmp/0xz  T_3.0, 8;
    %load/vec4 v000001aa4cc23910_0;
    %pad/u 32;
    %cmpi/u 15, 0, 32;
    %flag_or 5, 4;
    %jmp/0xz  T_3.2, 5;
    %load/vec4 v000001aa4cc23910_0;
    %addi 1, 0, 4;
    %assign/vec4 v000001aa4cc23910_0, 0;
    %load/vec4 v000001aa4cc237d0_0;
    %addi 1, 0, 16;
    %assign/vec4 v000001aa4cc237d0_0, 0;
T_3.2 ;
    %load/vec4 v000001aa4cc23910_0;
    %pad/u 32;
    %cmpi/e 15, 0, 32;
    %jmp/0xz  T_3.4, 4;
    %load/vec4 v000001aa4cc23690_0;
    %addi 1, 0, 4;
    %assign/vec4 v000001aa4cc23690_0, 0;
T_3.4 ;
    %load/vec4 v000001aa4cc23690_0;
    %pad/u 32;
    %pushi/vec4 15, 0, 32;
    %cmp/e;
    %flag_get/vec4 4;
    %load/vec4 v000001aa4cc23910_0;
    %pad/u 32;
    %pushi/vec4 15, 0, 32;
    %cmp/e;
    %flag_get/vec4 4;
    %and;
    %flag_set/vec4 8;
    %jmp/0xz  T_3.6, 8;
    %load/vec4 v000001aa4cc23730_0;
    %addi 1, 0, 4;
    %assign/vec4 v000001aa4cc23730_0, 0;
T_3.6 ;
    %load/vec4 v000001aa4cc23730_0;
    %pad/u 32;
    %pushi/vec4 15, 0, 32;
    %cmp/e;
    %flag_get/vec4 4;
    %load/vec4 v000001aa4cc23690_0;
    %pad/u 32;
    %pushi/vec4 15, 0, 32;
    %cmp/e;
    %flag_get/vec4 4;
    %and;
    %load/vec4 v000001aa4cc23910_0;
    %pad/u 32;
    %pushi/vec4 15, 0, 32;
    %cmp/e;
    %flag_get/vec4 4;
    %and;
    %flag_set/vec4 8;
    %jmp/0xz  T_3.8, 8;
    %load/vec4 v000001aa4cc23d70_0;
    %addi 1, 0, 4;
    %assign/vec4 v000001aa4cc23d70_0, 0;
T_3.8 ;
    %load/vec4 v000001aa4cc23d70_0;
    %pad/u 32;
    %pushi/vec4 15, 0, 32;
    %cmp/e;
    %flag_get/vec4 4;
    %load/vec4 v000001aa4cc23730_0;
    %pad/u 32;
    %pushi/vec4 15, 0, 32;
    %cmp/e;
    %flag_get/vec4 4;
    %and;
    %load/vec4 v000001aa4cc23690_0;
    %pad/u 32;
    %pushi/vec4 15, 0, 32;
    %cmp/e;
    %flag_get/vec4 4;
    %and;
    %load/vec4 v000001aa4cc23910_0;
    %pad/u 32;
    %pushi/vec4 14, 0, 32;
    %cmp/e;
    %flag_get/vec4 4;
    %and;
    %flag_set/vec4 8;
    %jmp/0xz  T_3.10, 8;
    %vpi_call 2 53 "$finish" {0 0 0};
T_3.10 ;
    %jmp T_3.1;
T_3.0 ;
    %load/vec4 v000001aa4cc23910_0;
    %pad/u 6;
    %load/vec4 v000001aa4cc23690_0;
    %pad/u 6;
    %add;
    %load/vec4 v000001aa4cc23730_0;
    %pad/u 6;
    %add;
    %load/vec4 v000001aa4cc23d70_0;
    %pad/u 6;
    %add;
    %split/vec4 5;
    %store/vec4 v000001aa4cc23cd0_0, 0, 5;
    %store/vec4 v000001aa4cc23c30_0, 0, 1;
    %load/vec4 v000001aa4cc23230_0;
    %load/vec4 v000001aa4cc23f50_0;
    %concat/vec4; draw_concat_vec4
    %load/vec4 v000001aa4cc23c30_0;
    %load/vec4 v000001aa4cc23cd0_0;
    %concat/vec4; draw_concat_vec4
    %cmp/e;
    %jmp/0xz  T_3.12, 4;
    %vpi_call 2 59 "$display", "Test %d ", v000001aa4cc237d0_0 {0 0 0};
    %vpi_call 2 60 "$display", "CORRECT! No overflow." {0 0 0};
    %vpi_call 2 61 "$display", "%d + %d + %d + %d = ?", v000001aa4cc23910_0, v000001aa4cc23690_0, v000001aa4cc23730_0, v000001aa4cc23d70_0 {0 0 0};
    %vpi_call 2 62 "$display", "your answer: ov = %d, sum = %d", v000001aa4cc23230_0, v000001aa4cc23f50_0 {0 0 0};
    %vpi_call 2 63 "$display", "correct answer: ov = %d, sum = %d", v000001aa4cc23230_0, v000001aa4cc23f50_0 {0 0 0};
    %vpi_call 2 64 "$display", "\012" {0 0 0};
    %jmp T_3.13;
T_3.12 ;
    %vpi_call 2 67 "$display", "Test %d ", v000001aa4cc237d0_0 {0 0 0};
    %vpi_call 2 68 "$display", "///////////////////////" {0 0 0};
    %vpi_call 2 69 "$display", "//////// Fail! ////////" {0 0 0};
    %vpi_call 2 70 "$display", "/// Occur Overflow! ///" {0 0 0};
    %vpi_call 2 71 "$display", "///////////////////////" {0 0 0};
    %vpi_call 2 72 "$display", "%d + %d + %d + %d = ?", v000001aa4cc23910_0, v000001aa4cc23690_0, v000001aa4cc23730_0, v000001aa4cc23d70_0 {0 0 0};
    %vpi_call 2 73 "$display", "your answer: ov = %d, sum = %d", v000001aa4cc23230_0, v000001aa4cc23f50_0 {0 0 0};
    %vpi_call 2 74 "$display", "correct answer: ov = %d, sum = %d", v000001aa4cc23c30_0, v000001aa4cc23cd0_0 {0 0 0};
    %vpi_call 2 75 "$display", "\012" {0 0 0};
T_3.13 ;
T_3.1 ;
    %jmp T_3;
    .thread T_3;
# The file index is used to find the file name in the following table.
:file_names 4;
    "N/A";
    "<interactive>";
    "hw2.v";
    "add4.v";
